c:\users\topia1998\desktop\project6_배포용\release\vc142.pdb
c:\users\topia1998\desktop\project6_배포용\release\practice3_8.obj
c:\users\topia1998\desktop\project6_배포용\release\practice3_7.obj
c:\users\topia1998\desktop\project6_배포용\release\practice3_6.obj
c:\users\topia1998\desktop\project6_배포용\release\practice3_5.obj
c:\users\topia1998\desktop\project6_배포용\release\practice3_4.obj
c:\users\topia1998\desktop\project6_배포용\release\practice3_3.obj
c:\users\topia1998\desktop\project6_배포용\release\practice3_2.obj
c:\users\topia1998\desktop\project6_배포용\release\practice3_1.obj
c:\users\topia1998\desktop\project6_배포용\release\main.obj
c:\users\topia1998\desktop\project6_배포용\release\project6.exe
c:\users\topia1998\desktop\project6_배포용\release\project6.pdb
c:\users\topia1998\desktop\project6_배포용\release\project6.ipdb
c:\users\topia1998\desktop\project6_배포용\release\project6.iobj
c:\users\topia1998\desktop\project6_배포용\release\project6.tlog\cl.command.1.tlog
c:\users\topia1998\desktop\project6_배포용\release\project6.tlog\cl.read.1.tlog
c:\users\topia1998\desktop\project6_배포용\release\project6.tlog\cl.write.1.tlog
c:\users\topia1998\desktop\project6_배포용\release\project6.tlog\link.command.1.tlog
c:\users\topia1998\desktop\project6_배포용\release\project6.tlog\link.read.1.tlog
c:\users\topia1998\desktop\project6_배포용\release\project6.tlog\link.write.1.tlog
c:\users\topia1998\desktop\project6_배포용\release\project6.tlog\project6.write.1u.tlog
