  Compiling CUDA source file kernel.cu...
  
  C:\Users\topia1998\Desktop\새 폴더\gososil_11_2\gososil_11_2>"C:\Program Files\NVIDIA GPU Computing Toolkit\CUDA\v11.5\bin\nvcc.exe" -gencode=arch=compute_52,code=\"sm_52,compute_52\" --use-local-env -ccbin "C:\Program Files (x86)\Microsoft Visual Studio\2019\Community\VC\Tools\MSVC\14.28.29333\bin\HostX86\x64" -x cu   -I"C:\Program Files\NVIDIA GPU Computing Toolkit\CUDA\v11.5\include" -I"C:\Program Files\NVIDIA GPU Computing Toolkit\CUDA\v11.5\include"  -G   --keep-dir x64\Debug  -maxrregcount=0  --machine 64 --compile -cudart static  -g  -DWIN32 -DWIN64 -D_DEBUG -D_CONSOLE -D_MBCS -Xcompiler "/EHsc /W3 /nologo /Od /Fdx64\Debug\vc142.pdb /FS /Zi /RTC1 /MDd " -o x64\Debug\kernel.cu.obj "C:\Users\topia1998\Desktop\새 폴더\gososil_11_2\gososil_11_2\kernel.cu" 
C:\Users\topia1998\Desktop\새 폴더\gososil_11_2\gososil_11_2\kernel.cu(85): warning #177-D: variable "row" was declared but never referenced
  
C:\Users\topia1998\Desktop\새 폴더\gososil_11_2\gososil_11_2\kernel.cu(86): warning #177-D: variable "col" was declared but never referenced
  
C:\Users\topia1998\Desktop\새 폴더\gososil_11_2\gososil_11_2\kernel.cu(217): warning #546-D: transfer of control bypasses initialization of:
              variable "dimBlock"
  (238): here
              variable "dimGrid"
  (239): here
  
C:\Users\topia1998\Desktop\새 폴더\gososil_11_2\gososil_11_2\kernel.cu(217): warning #546-D: transfer of control bypasses initialization of:
              variable "dimBlock"
  (238): here
              variable "dimGrid"
  (239): here
  
  kernel.cu
C:\Users\topia1998\Desktop\새 폴더\gososil_11_2\gososil_11_2\kernel.cu(256): warning C4533: 'dimGrid' 초기화가 'goto Error'에 의해 생략되었습니다.
  C:\Users\topia1998\Desktop\새 폴더\gososil_11_2\gososil_11_2\kernel.cu(239): note: 'dimGrid' 선언을 참조하십시오.
  C:\Users\topia1998\Desktop\새 폴더\gososil_11_2\gososil_11_2\kernel.cu(256): note: 'Error' 선언을 참조하십시오.
C:\Users\topia1998\Desktop\새 폴더\gososil_11_2\gososil_11_2\kernel.cu(256): warning C4533: 'dimBlock' 초기화가 'goto Error'에 의해 생략되었습니다.
  C:\Users\topia1998\Desktop\새 폴더\gososil_11_2\gososil_11_2\kernel.cu(238): note: 'dimBlock' 선언을 참조하십시오.
  C:\Users\topia1998\Desktop\새 폴더\gososil_11_2\gososil_11_2\kernel.cu(256): note: 'Error' 선언을 참조하십시오.
     C:\Users\topia1998\Desktop\새 폴더\gososil_11_2\x64\Debug\gososil_11_2.lib 라이브러리 및 C:\Users\topia1998\Desktop\새 폴더\gososil_11_2\x64\Debug\gososil_11_2.exp 개체를 생성하고 있습니다.
  gososil_11_2.vcxproj -> C:\Users\topia1998\Desktop\새 폴더\gososil_11_2\x64\Debug\gososil_11_2.exe
