  practice3_2.cpp
C:\Users\topia1998\Desktop\족보\고소실\6\실습\[고소실_6주차실습]3반_20171663_이도훈\practice3_2.cpp(85,65): warning C4477: 'fprintf' : 서식 문자열 '%lf'에 'double' 형식의 인수가 필요하지만 variadic 인수 1의 형식이 'int'입니다.
C:\Users\topia1998\Desktop\족보\고소실\6\실습\[고소실_6주차실습]3반_20171663_이도훈\practice3_2.cpp(86,25): warning C4477: 'fprintf' : 서식 문자열 '%lf'에 'double' 형식의 인수가 필요하지만 variadic 인수 1의 형식이 'int'입니다.
C:\Users\topia1998\Desktop\족보\고소실\6\실습\[고소실_6주차실습]3반_20171663_이도훈\practice3_2.cpp(17,3): error C4996: 'sprintf': This function or variable may be unsafe. Consider using sprintf_s instead. To disable deprecation, use _CRT_SECURE_NO_WARNINGS. See online help for details.
C:\Users\topia1998\Desktop\족보\고소실\6\실습\[고소실_6주차실습]3반_20171663_이도훈\practice3_2.cpp(18,3): error C4996: 'sprintf': This function or variable may be unsafe. Consider using sprintf_s instead. To disable deprecation, use _CRT_SECURE_NO_WARNINGS. See online help for details.
C:\Users\topia1998\Desktop\족보\고소실\6\실습\[고소실_6주차실습]3반_20171663_이도훈\practice3_2.cpp(20,16): error C4996: 'fopen': This function or variable may be unsafe. Consider using fopen_s instead. To disable deprecation, use _CRT_SECURE_NO_WARNINGS. See online help for details.
C:\Users\topia1998\Desktop\족보\고소실\6\실습\[고소실_6주차실습]3반_20171663_이도훈\practice3_2.cpp(26,16): error C4996: 'fopen': This function or variable may be unsafe. Consider using fopen_s instead. To disable deprecation, use _CRT_SECURE_NO_WARNINGS. See online help for details.
C:\Users\topia1998\Desktop\족보\고소실\6\실습\[고소실_6주차실습]3반_20171663_이도훈\practice3_2.cpp(32,3): error C4996: 'fscanf': This function or variable may be unsafe. Consider using fscanf_s instead. To disable deprecation, use _CRT_SECURE_NO_WARNINGS. See online help for details.
C:\Users\topia1998\Desktop\족보\고소실\6\실습\[고소실_6주차실습]3반_20171663_이도훈\practice3_2.cpp(41,4): error C4996: 'fscanf': This function or variable may be unsafe. Consider using fscanf_s instead. To disable deprecation, use _CRT_SECURE_NO_WARNINGS. See online help for details.
  practice3_3.cpp
C:\Users\topia1998\Desktop\족보\고소실\6\실습\[고소실_6주차실습]3반_20171663_이도훈\practice3_3.cpp(39,15): error C4996: 'fopen': This function or variable may be unsafe. Consider using fopen_s instead. To disable deprecation, use _CRT_SECURE_NO_WARNINGS. See online help for details.
  practice3_4.cpp
C:\Users\topia1998\Desktop\족보\고소실\6\실습\[고소실_6주차실습]3반_20171663_이도훈\practice3_4.cpp(39,15): error C4996: 'fopen': This function or variable may be unsafe. Consider using fopen_s instead. To disable deprecation, use _CRT_SECURE_NO_WARNINGS. See online help for details.
  practice3_5.cpp
C:\Users\topia1998\Desktop\족보\고소실\6\실습\[고소실_6주차실습]3반_20171663_이도훈\practice3_5.cpp(28,15): error C4996: 'fopen': This function or variable may be unsafe. Consider using fopen_s instead. To disable deprecation, use _CRT_SECURE_NO_WARNINGS. See online help for details.
  practice3_6.cpp
C:\Users\topia1998\Desktop\족보\고소실\6\실습\[고소실_6주차실습]3반_20171663_이도훈\practice3_6.cpp(39,15): error C4996: 'fopen': This function or variable may be unsafe. Consider using fopen_s instead. To disable deprecation, use _CRT_SECURE_NO_WARNINGS. See online help for details.
  practice3_7.cpp
C:\Users\topia1998\Desktop\족보\고소실\6\실습\[고소실_6주차실습]3반_20171663_이도훈\practice3_7.cpp(29,15): error C4996: 'fopen': This function or variable may be unsafe. Consider using fopen_s instead. To disable deprecation, use _CRT_SECURE_NO_WARNINGS. See online help for details.
  practice3_8.cpp
C:\Users\topia1998\Desktop\족보\고소실\6\실습\[고소실_6주차실습]3반_20171663_이도훈\practice3_8.cpp(38,15): error C4996: 'fopen': This function or variable may be unsafe. Consider using fopen_s instead. To disable deprecation, use _CRT_SECURE_NO_WARNINGS. See online help for details.
  코드를 생성하고 있습니다...
