  main.cpp
  practice3_1.cpp
  practice3_2.cpp
C:\Users\topia1998\Desktop\족보\고소실\6\과제\[고소실_6주차실습]3반_20171663_이도훈\practice3_2.cpp(85,65): warning C4477: 'fprintf' : 서식 문자열 '%lf'에 'double' 형식의 인수가 필요하지만 variadic 인수 1의 형식이 'int'입니다.
C:\Users\topia1998\Desktop\족보\고소실\6\과제\[고소실_6주차실습]3반_20171663_이도훈\practice3_2.cpp(86,25): warning C4477: 'fprintf' : 서식 문자열 '%lf'에 'double' 형식의 인수가 필요하지만 variadic 인수 1의 형식이 'int'입니다.
  practice3_3.cpp
  practice3_4.cpp
  practice3_5.cpp
  practice3_6.cpp
  practice3_7.cpp
  practice3_8.cpp
  program3_1_h.cpp
C:\Users\topia1998\Desktop\족보\고소실\6\과제\[고소실_6주차실습]3반_20171663_이도훈\program3_1_h.cpp(34,1): warning C4326: 'main'의 반환 형식이 'int'이어야 하는데 'void'입니다.
  코드를 생성하고 있습니다...
program3_1_h.obj : error LNK2005: main이(가) main.obj에 이미 정의되어 있습니다.
practice3_1.obj : error LNK2019: gespp_"void __cdecl practice3_1(void)" (?practice3_1@@YAXXZ) 함수에서 참조되는 확인할 수 없는 외부 기호
practice3_1.obj : error LNK2019: solve_"void __cdecl practice3_1(void)" (?practice3_1@@YAXXZ) 함수에서 참조되는 확인할 수 없는 외부 기호
practice3_2.obj : error LNK2019: rpoly_"void __cdecl practice3_2(void)" (?practice3_2@@YAXXZ) 함수에서 참조되는 확인할 수 없는 외부 기호
program3_1_h.obj : error LNK2001: 확인할 수 없는 외부 기호 hybrj1_
practice3_3.obj : error LNK2001: 확인할 수 없는 외부 기호 hybrj1_
practice3_4.obj : error LNK2001: 확인할 수 없는 외부 기호 hybrj1_
practice3_6.obj : error LNK2001: 확인할 수 없는 외부 기호 hybrj1_
practice3_8.obj : error LNK2001: 확인할 수 없는 외부 기호 hybrj1_
practice3_5.obj : error LNK2019: hybrd1_"void __cdecl practice3_5(void)" (?practice3_5@@YAXXZ) 함수에서 참조되는 확인할 수 없는 외부 기호
practice3_7.obj : error LNK2001: 확인할 수 없는 외부 기호 hybrd1_
C:\Users\topia1998\Desktop\족보\고소실\6\과제\[고소실_6주차실습]3반_20171663_이도훈\x64\Debug\project6.exe : fatal error LNK1120: 5개의 확인할 수 없는 외부 참조입니다.
